[2m2025-02-08T18:05:35.476953Z[0m [31mERROR[0m [2mglazewm[0m[2m:[0m Workspace with name '2' doesn't exist or is already active.
[2m2025-02-08T18:05:39.203151Z[0m [31mERROR[0m [2mglazewm[0m[2m:[0m Workspace with name '2' doesn't exist or is already active.
[2m2025-02-08T18:05:58.163426Z[0m [31mERROR[0m [2mglazewm[0m[2m:[0m Workspace with name '2' doesn't exist or is already active.
[2m2025-02-08T19:31:33.659198Z[0m [31mERROR[0m [2mglazewm[0m[2m:[0m Workspace with name '2' doesn't exist or is already active.
[2m2025-02-08T19:31:47.661276Z[0m [31mERROR[0m [2mglazewm[0m[2m:[0m Workspace with name '1' doesn't exist or is already active.
[2m2025-02-08T19:31:49.462593Z[0m [31mERROR[0m [2mglazewm[0m[2m:[0m Workspace with name '3' doesn't exist or is already active.
[2m2025-02-08T19:33:18.706630Z[0m [31mERROR[0m [2mglazewm[0m[2m:[0m Workspace with name '1' doesn't exist or is already active.
[2m2025-02-08T19:33:20.269683Z[0m [31mERROR[0m [2mglazewm[0m[2m:[0m Workspace with name '2' doesn't exist or is already active.
[2m2025-02-08T22:10:41.821966Z[0m [31mERROR[0m [2mglazewm[0m[2m:[0m Another instance of the application is already running.
[2m2025-02-08T22:11:03.857679Z[0m [31mERROR[0m [2mglazewm[0m[2m:[0m window_rules[0]: missing field `commands` at line 134 column 5
[2m2025-02-08T22:11:13.604935Z[0m [31mERROR[0m [2mglazewm[0m[2m:[0m window_rules[0]: missing field `commands` at line 134 column 5
[2m2025-02-08T22:11:43.247005Z[0m [31mERROR[0m [2mglazewm[0m[2m:[0m window_rules[0]: missing field `commands` at line 134 column 5
[2m2025-02-08T22:15:40.091904Z[0m [31mERROR[0m [2mglazewm[0m[2m:[0m window_rules[0]: missing field `commands` at line 134 column 5
[2m2025-02-08T22:19:37.955446Z[0m [31mERROR[0m [2mglazewm[0m[2m:[0m window_rules[0]: missing field `commands` at line 134 column 5
[2m2025-02-08T23:33:39.786727Z[0m [31mERROR[0m [2mglazewm[0m[2m:[0m Another instance of the application is already running.
[2m2025-02-11T12:56:15.841995Z[0m [31mERROR[0m [2mglazewm[0m[2m:[0m Invalid window handle. (0x80070578)
[2m2025-02-11T20:56:52.877214Z[0m [31mERROR[0m [2mglazewm[0m[2m:[0m No common ancestor between containers.
[2m2025-02-11T20:56:56.606311Z[0m [31mERROR[0m [2mglazewm[0m[2m:[0m Window has no workspace.
[2m2025-02-11T20:56:57.557786Z[0m [31mERROR[0m [2mglazewm[0m[2m:[0m Window has no workspace.
[2m2025-02-11T20:56:58.515155Z[0m [31mERROR[0m [2mglazewm[0m[2m:[0m Window has no workspace.
[2m2025-02-11T20:56:59.115702Z[0m [31mERROR[0m [2mglazewm[0m[2m:[0m Window has no workspace.
[2m2025-02-11T20:56:59.673632Z[0m [31mERROR[0m [2mglazewm[0m[2m:[0m Window has no workspace.
[2m2025-02-11T20:57:00.411542Z[0m [31mERROR[0m [2mglazewm[0m[2m:[0m Window has no workspace.
[2m2025-02-11T20:57:07.322290Z[0m [31mERROR[0m [2mglazewm[0m[2m:[0m Window has no workspace.
[2m2025-02-11T20:57:07.862463Z[0m [31mERROR[0m [2mglazewm[0m[2m:[0m Window has no workspace.
[2m2025-02-11T20:57:08.180554Z[0m [31mERROR[0m [2mglazewm[0m[2m:[0m Window has no workspace.
[2m2025-02-11T20:57:08.344600Z[0m [31mERROR[0m [2mglazewm[0m[2m:[0m Window has no workspace.
[2m2025-02-11T20:57:08.514878Z[0m [31mERROR[0m [2mglazewm[0m[2m:[0m Window has no workspace.
[2m2025-02-11T20:57:08.722478Z[0m [31mERROR[0m [2mglazewm[0m[2m:[0m Window has no workspace.
[2m2025-02-11T20:57:09.070042Z[0m [31mERROR[0m [2mglazewm[0m[2m:[0m Window has no workspace.
[2m2025-02-11T20:57:09.241171Z[0m [31mERROR[0m [2mglazewm[0m[2m:[0m Window has no workspace.
[2m2025-02-11T20:57:09.414188Z[0m [31mERROR[0m [2mglazewm[0m[2m:[0m Window has no workspace.
[2m2025-02-11T20:57:09.609583Z[0m [31mERROR[0m [2mglazewm[0m[2m:[0m Window has no workspace.
[2m2025-02-11T20:57:09.907901Z[0m [31mERROR[0m [2mglazewm[0m[2m:[0m Window has no workspace.
[2m2025-02-11T20:57:10.241788Z[0m [31mERROR[0m [2mglazewm[0m[2m:[0m Window has no workspace.
[2m2025-02-11T20:57:10.534030Z[0m [31mERROR[0m [2mglazewm[0m[2m:[0m Window has no workspace.
[2m2025-02-11T20:57:21.745978Z[0m [31mERROR[0m [2mglazewm[0m[2m:[0m Window has no workspace.
[2m2025-02-11T20:57:22.979815Z[0m [31mERROR[0m [2mglazewm[0m[2m:[0m Window has no workspace.
[2m2025-02-11T20:57:23.492879Z[0m [31mERROR[0m [2mglazewm[0m[2m:[0m Window has no workspace.
[2m2025-02-12T17:00:37.634142Z[0m [31mERROR[0m [2mglazewm[0m[2m:[0m Another instance of the application is already running.
[2m2025-02-13T14:18:38.400282Z[0m [31mERROR[0m [2mglazewm[0m[2m:[0m Invalid window handle. (0x80070578)
[2m2025-02-14T17:09:05.745569Z[0m [31mERROR[0m [2mglazewm[0m[2m:[0m Another instance of the application is already running.
[2m2025-02-14T21:44:10.199436Z[0m [31mERROR[0m [2mglazewm[0m[2m:[0m Another instance of the application is already running.
[2m2025-02-14T21:44:33.966788Z[0m [31mERROR[0m [2mglazewm[0m[2m:[0m Invalid window handle. (0x80070578)
[2m2025-02-19T13:44:16.397330Z[0m [31mERROR[0m [2mglazewm[0m[2m:[0m Another instance of the application is already running.
[2m2025-02-21T02:34:41.828435Z[0m [31mERROR[0m [2mglazewm[0m[2m:[0m Another instance of the application is already running.
[2m2025-02-21T05:57:45.312007Z[0m [31mERROR[0m [2mglazewm[0m[2m:[0m Another instance of the application is already running.
[2m2025-02-25T00:23:09.883907Z[0m [31mERROR[0m [2mglazewm[0m[2m:[0m Invalid window handle. (0x80070578)
[2m2025-02-25T10:53:50.852573Z[0m [31mERROR[0m [2mglazewm[0m[2m:[0m Invalid window handle. (0x80070578)
[2m2025-02-25T11:54:52.743073Z[0m [31mERROR[0m [2mglazewm[0m[2m:[0m Invalid window handle. (0x80070578)
[2m2025-02-25T13:48:59.716518Z[0m [31mERROR[0m [2mglazewm[0m[2m:[0m Invalid window handle. (0x80070578)
[2m2025-02-25T23:21:36.825035Z[0m [31mERROR[0m [2mglazewm[0m[2m:[0m Invalid window handle. (0x80070578)
[2m2025-02-25T23:22:40.356872Z[0m [31mERROR[0m [2mglazewm[0m[2m:[0m Another instance of the application is already running.
[2m2025-02-28T14:26:46.390919Z[0m [31mERROR[0m [2mglazewm[0m[2m:[0m Another instance of the application is already running.
[2m2025-03-01T15:44:46.272281Z[0m [31mERROR[0m [2mglazewm[0m[2m:[0m Invalid window handle. (0x80070578)
[2m2025-03-02T15:02:43.924203Z[0m [31mERROR[0m [2mglazewm[0m[2m:[0m Invalid window handle. (0x80070578)
[2m2025-03-02T19:29:32.133252Z[0m [31mERROR[0m [2mglazewm[0m[2m:[0m Invalid window handle. (0x80070578)
[2m2025-03-03T14:56:14.064073Z[0m [31mERROR[0m [2mglazewm[0m[2m:[0m Invalid window handle. (0x80070578)
[2m2025-03-03T14:56:35.167843Z[0m [31mERROR[0m [2mglazewm[0m[2m:[0m Another instance of the application is already running.
[2m2025-03-03T21:04:50.987512Z[0m [31mERROR[0m [2mglazewm[0m[2m:[0m Invalid window handle. (0x80070578)
[2m2025-03-04T04:12:49.513949Z[0m [31mERROR[0m [2mglazewm[0m[2m:[0m Invalid window handle. (0x80070578)
[2m2025-03-04T18:58:49.258301Z[0m [31mERROR[0m [2mglazewm[0m[2m:[0m Invalid window handle. (0x80070578)
[2m2025-03-06T13:39:42.997677Z[0m [31mERROR[0m [2mglazewm[0m[2m:[0m Invalid window handle. (0x80070578)
[2m2025-03-06T15:02:33.764500Z[0m [31mERROR[0m [2mglazewm[0m[2m:[0m Invalid window handle. (0x80070578)
[2m2025-03-11T10:23:06.406990Z[0m [31mERROR[0m [2mglazewm[0m[2m:[0m Another instance of the application is already running.
[2m2025-03-13T05:22:34.343921Z[0m [31mERROR[0m [2mglazewm[0m[2m:[0m Another instance of the application is already running.
[2m2025-03-14T02:27:02.273863Z[0m [31mERROR[0m [2mglazewm[0m[2m:[0m Invalid window handle. (0x80070578)
[2m2025-03-17T03:51:35.391114Z[0m [31mERROR[0m [2mglazewm[0m[2m:[0m Access is denied. (0x80070005)
[2m2025-03-21T12:48:12.363105Z[0m [31mERROR[0m [2mglazewm[0m[2m:[0m Another instance of the application is already running.
[2m2025-03-26T13:05:56.331001Z[0m [31mERROR[0m [2mglazewm[0m[2m:[0m Another instance of the application is already running.
[2m2025-03-28T19:45:45.389426Z[0m [31mERROR[0m [2mglazewm[0m[2m:[0m Another instance of the application is already running.
[2m2025-03-30T06:41:12.656501Z[0m [31mERROR[0m [2mglazewm[0m[2m:[0m Invalid window handle. (0x80070578)
[2m2025-03-30T15:49:28.354318Z[0m [31mERROR[0m [2mglazewm[0m[2m:[0m Another instance of the application is already running.
[2m2025-03-31T04:50:36.767138Z[0m [31mERROR[0m [2mglazewm[0m[2m:[0m Invalid window handle. (0x80070578)
[2m2025-04-04T01:21:45.380754Z[0m [31mERROR[0m [2mglazewm[0m[2m:[0m window_rules[7].match[1]: data did not match any variant of untagged enum MatchType at line 167 column 9
[2m2025-04-04T01:22:01.793685Z[0m [31mERROR[0m [2mglazewm[0m[2m:[0m window_rules[7].match[1]: data did not match any variant of untagged enum MatchType at line 167 column 9
[2m2025-04-04T01:23:38.081923Z[0m [31mERROR[0m [2mglazewm[0m[2m:[0m window_rules[7].match[1]: data did not match any variant of untagged enum MatchType at line 167 column 9
[2m2025-04-04T01:25:01.077645Z[0m [31mERROR[0m [2mglazewm[0m[2m:[0m window_rules[7].match[1]: data did not match any variant of untagged enum MatchType at line 167 column 9
[2m2025-04-05T06:10:45.752340Z[0m [31mERROR[0m [2mglazewm[0m[2m:[0m general.startup_commands: unrecognized subcommand
 at line 6 column 21
[2m2025-04-05T06:12:19.565702Z[0m [31mERROR[0m [2mglazewm[0m[2m:[0m general.startup_commands: unrecognized subcommand
 at line 7 column 21
[2m2025-04-05T06:12:56.099894Z[0m [31mERROR[0m [2mglazewm[0m[2m:[0m general.startup_commands: unrecognized subcommand
 at line 7 column 21
[2m2025-04-06T08:12:44.336191Z[0m [31mERROR[0m [2mglazewm[0m[2m:[0m Access is denied. (0x80070005)
[2m2025-04-08T13:52:34.410341Z[0m [31mERROR[0m [2mglazewm[0m[2m:[0m Another instance of the application is already running.
[2m2025-04-08T21:25:55.055020Z[0m [31mERROR[0m [2mglazewm[0m[2m:[0m Another instance of the application is already running.
[2m2025-04-08T21:25:59.377965Z[0m [31mERROR[0m [2mglazewm[0m[2m:[0m Another instance of the application is already running.
[2m2025-04-11T12:53:17.380029Z[0m [31mERROR[0m [2mglazewm[0m[2m:[0m Another instance of the application is already running.
[2m2025-04-18T14:32:28.345080Z[0m [31mERROR[0m [2mglazewm[0m[2m:[0m Another instance of the application is already running.
[2m2025-04-18T20:10:05.043445Z[0m [31mERROR[0m [2mglazewm[0m[2m:[0m No workspace.
[2m2025-04-19T06:18:57.286123Z[0m [31mERROR[0m [2mglazewm[0m[2m:[0m Access is denied. (0x80070005)
[2m2025-04-19T16:21:28.363886Z[0m [31mERROR[0m [2mglazewm[0m[2m:[0m Another instance of the application is already running.
[2m2025-04-20T00:12:11.736886Z[0m [31mERROR[0m [2mglazewm[0m[2m:[0m Invalid window handle. (0x80070578)
[2m2025-04-20T23:07:19.210061Z[0m [31mERROR[0m [2mglazewm[0m[2m:[0m No workspace.
[2m2025-04-20T23:08:33.678066Z[0m [31mERROR[0m [2mglazewm[0m[2m:[0m No workspace.
[2m2025-04-20T23:13:53.200396Z[0m [31mERROR[0m [2mglazewm[0m[2m:[0m No workspace.
[2m2025-04-20T23:50:04.332042Z[0m [31mERROR[0m [2mglazewm[0m[2m:[0m Another instance of the application is already running.
[2m2025-04-23T08:59:39.934061Z[0m [31mERROR[0m [2mglazewm[0m[2m:[0m channel closed
[2m2025-04-28T15:59:13.867297Z[0m [31mERROR[0m [2mglazewm[0m[2m:[0m Invalid window handle. (0x80070578)
[2m2025-05-02T21:36:19.250716Z[0m [31mERROR[0m [2mglazewm[0m[2m:[0m Invalid window handle. (0x80070578)
[2m2025-05-02T21:41:53.043781Z[0m [31mERROR[0m [2mglazewm[0m[2m:[0m No workspace.
[2m2025-05-05T13:23:24.590400Z[0m [31mERROR[0m [2mglazewm[0m[2m:[0m No workspace.
[2m2025-05-06T07:13:41.469134Z[0m [31mERROR[0m [2mglazewm[0m[2m:[0m Invalid window handle. (0x80070578)
[2m2025-05-08T14:20:31.270308Z[0m [31mERROR[0m [2mglazewm[0m[2m:[0m No workspace.
[2m2025-05-08T14:27:23.607002Z[0m [31mERROR[0m [2mglazewm[0m[2m:[0m No workspace.
[2m2025-05-08T15:41:11.659179Z[0m [31mERROR[0m [2mglazewm[0m[2m:[0m No workspace.
[2m2025-05-08T15:44:51.628514Z[0m [31mERROR[0m [2mglazewm[0m[2m:[0m No workspace.
[2m2025-05-08T15:44:54.563036Z[0m [31mERROR[0m [2mglazewm[0m[2m:[0m No workspace.
[2m2025-05-08T21:14:49.703925Z[0m [31mERROR[0m [2mglazewm[0m[2m:[0m No workspace.
[2m2025-05-09T11:09:23.371228Z[0m [31mERROR[0m [2mglazewm[0m[2m:[0m No workspace.
[2m2025-05-17T01:37:50.163387Z[0m [31mERROR[0m [2mglazewm[0m[2m:[0m Invalid window handle. (0x80070578)
[2m2025-05-17T13:31:33.103783Z[0m [31mERROR[0m [2mglazewm[0m[2m:[0m Invalid window handle. (0x80070578)
[2m2025-05-17T13:31:35.212152Z[0m [31mERROR[0m [2mglazewm[0m[2m:[0m Invalid window handle. (0x80070578)
[2m2025-05-17T13:31:36.713680Z[0m [31mERROR[0m [2mglazewm[0m[2m:[0m Invalid window handle. (0x80070578)
[2m2025-05-17T13:31:36.905230Z[0m [31mERROR[0m [2mglazewm[0m[2m:[0m Invalid window handle. (0x80070578)
[2m2025-05-17T13:31:37.097699Z[0m [31mERROR[0m [2mglazewm[0m[2m:[0m Invalid window handle. (0x80070578)
[2m2025-05-17T13:31:37.365954Z[0m [31mERROR[0m [2mglazewm[0m[2m:[0m Invalid window handle. (0x80070578)
[2m2025-05-17T13:31:37.618714Z[0m [31mERROR[0m [2mglazewm[0m[2m:[0m Invalid window handle. (0x80070578)
[2m2025-05-17T13:31:37.747374Z[0m [31mERROR[0m [2mglazewm[0m[2m:[0m Invalid window handle. (0x80070578)
[2m2025-05-17T13:31:37.907235Z[0m [31mERROR[0m [2mglazewm[0m[2m:[0m Invalid window handle. (0x80070578)
[2m2025-05-20T15:59:29.134337Z[0m [31mERROR[0m [2mglazewm[0m[2m:[0m No workspace.
[2m2025-05-21T13:38:56.684448Z[0m [31mERROR[0m [2mglazewm[0m[2m:[0m No workspace.
[2m2025-05-21T15:24:23.813886Z[0m [31mERROR[0m [2mglazewm[0m[2m:[0m Invalid window handle. (0x80070578)
[2m2025-05-21T15:24:32.063582Z[0m [31mERROR[0m [2mglazewm[0m[2m:[0m Invalid window handle. (0x80070578)
[2m2025-05-21T15:24:44.070815Z[0m [31mERROR[0m [2mglazewm[0m[2m:[0m Invalid window handle. (0x80070578)
[2m2025-05-21T15:24:44.755228Z[0m [31mERROR[0m [2mglazewm[0m[2m:[0m Invalid window handle. (0x80070578)
[2m2025-05-21T15:24:45.456335Z[0m [31mERROR[0m [2mglazewm[0m[2m:[0m Invalid window handle. (0x80070578)
[2m2025-05-21T15:24:46.025543Z[0m [31mERROR[0m [2mglazewm[0m[2m:[0m Invalid window handle. (0x80070578)
[2m2025-05-21T15:24:46.537816Z[0m [31mERROR[0m [2mglazewm[0m[2m:[0m Invalid window handle. (0x80070578)
[2m2025-05-21T15:24:47.216851Z[0m [31mERROR[0m [2mglazewm[0m[2m:[0m Invalid window handle. (0x80070578)
[2m2025-05-21T15:24:47.903810Z[0m [31mERROR[0m [2mglazewm[0m[2m:[0m Invalid window handle. (0x80070578)
[2m2025-05-21T15:24:48.426854Z[0m [31mERROR[0m [2mglazewm[0m[2m:[0m Invalid window handle. (0x80070578)
[2m2025-05-21T15:24:49.182064Z[0m [31mERROR[0m [2mglazewm[0m[2m:[0m Invalid window handle. (0x80070578)
[2m2025-05-21T15:24:49.783246Z[0m [31mERROR[0m [2mglazewm[0m[2m:[0m Invalid window handle. (0x80070578)
[2m2025-05-21T15:24:50.744079Z[0m [31mERROR[0m [2mglazewm[0m[2m:[0m Invalid window handle. (0x80070578)
[2m2025-05-21T15:24:51.339128Z[0m [31mERROR[0m [2mglazewm[0m[2m:[0m Invalid window handle. (0x80070578)
[2m2025-05-21T15:24:52.001721Z[0m [31mERROR[0m [2mglazewm[0m[2m:[0m Invalid window handle. (0x80070578)
[2m2025-05-21T15:24:52.986193Z[0m [31mERROR[0m [2mglazewm[0m[2m:[0m Invalid window handle. (0x80070578)
[2m2025-05-21T15:24:53.536910Z[0m [31mERROR[0m [2mglazewm[0m[2m:[0m Invalid window handle. (0x80070578)
[2m2025-05-21T15:24:54.579216Z[0m [31mERROR[0m [2mglazewm[0m[2m:[0m Invalid window handle. (0x80070578)
[2m2025-05-21T15:24:55.204398Z[0m [31mERROR[0m [2mglazewm[0m[2m:[0m Invalid window handle. (0x80070578)
[2m2025-05-21T15:25:05.441209Z[0m [31mERROR[0m [2mglazewm[0m[2m:[0m Invalid window handle. (0x80070578)
[2m2025-05-23T13:28:29.872023Z[0m [31mERROR[0m [2mglazewm[0m[2m:[0m Invalid window handle. (0x80070578)
[2m2025-05-23T13:36:38.785474Z[0m [31mERROR[0m [2mglazewm[0m[2m:[0m Invalid window handle. (0x80070578)
[2m2025-05-23T13:36:39.698032Z[0m [31mERROR[0m [2mglazewm[0m[2m:[0m Invalid window handle. (0x80070578)
[2m2025-05-23T13:36:40.543058Z[0m [31mERROR[0m [2mglazewm[0m[2m:[0m Invalid window handle. (0x80070578)
[2m2025-05-23T13:36:40.803149Z[0m [31mERROR[0m [2mglazewm[0m[2m:[0m Invalid window handle. (0x80070578)
[2m2025-05-23T13:36:41.041312Z[0m [31mERROR[0m [2mglazewm[0m[2m:[0m Invalid window handle. (0x80070578)
[2m2025-05-23T13:36:41.170883Z[0m [31mERROR[0m [2mglazewm[0m[2m:[0m Invalid window handle. (0x80070578)
[2m2025-05-23T13:36:41.473816Z[0m [31mERROR[0m [2mglazewm[0m[2m:[0m Invalid window handle. (0x80070578)
[2m2025-05-23T13:36:41.823105Z[0m [31mERROR[0m [2mglazewm[0m[2m:[0m Invalid window handle. (0x80070578)
[2m2025-05-23T13:36:42.106717Z[0m [31mERROR[0m [2mglazewm[0m[2m:[0m Invalid window handle. (0x80070578)
[2m2025-05-23T13:36:42.267934Z[0m [31mERROR[0m [2mglazewm[0m[2m:[0m Invalid window handle. (0x80070578)
[2m2025-05-23T13:36:42.420524Z[0m [31mERROR[0m [2mglazewm[0m[2m:[0m Invalid window handle. (0x80070578)
[2m2025-05-23T18:02:09.972440Z[0m [31mERROR[0m [2mglazewm[0m[2m:[0m No workspace.
[2m2025-05-27T13:25:50.509891Z[0m [31mERROR[0m [2mglazewm[0m[2m:[0m No workspace.
[2m2025-05-29T17:34:29.505034Z[0m [31mERROR[0m [2mglazewm[0m[2m:[0m No workspace.
[2m2025-05-31T02:32:36.740562Z[0m [31mERROR[0m [2mglazewm[0m[2m:[0m Invalid window handle. (0x80070578)
[2m2025-05-31T02:33:04.854180Z[0m [31mERROR[0m [2mglazewm[0m[2m:[0m Invalid window handle. (0x80070578)
[2m2025-05-31T02:33:06.257392Z[0m [31mERROR[0m [2mglazewm[0m[2m:[0m Invalid window handle. (0x80070578)
[2m2025-05-31T02:33:06.671207Z[0m [31mERROR[0m [2mglazewm[0m[2m:[0m Invalid window handle. (0x80070578)
[2m2025-05-31T02:33:07.304150Z[0m [31mERROR[0m [2mglazewm[0m[2m:[0m Invalid window handle. (0x80070578)
[2m2025-05-31T02:33:07.863218Z[0m [31mERROR[0m [2mglazewm[0m[2m:[0m Invalid window handle. (0x80070578)
[2m2025-05-31T02:33:08.313422Z[0m [31mERROR[0m [2mglazewm[0m[2m:[0m Invalid window handle. (0x80070578)
[2m2025-05-31T02:33:08.829779Z[0m [31mERROR[0m [2mglazewm[0m[2m:[0m Invalid window handle. (0x80070578)
[2m2025-05-31T02:33:09.271963Z[0m [31mERROR[0m [2mglazewm[0m[2m:[0m Invalid window handle. (0x80070578)
[2m2025-05-31T02:33:09.698234Z[0m [31mERROR[0m [2mglazewm[0m[2m:[0m Invalid window handle. (0x80070578)
[2m2025-05-31T02:33:10.305883Z[0m [31mERROR[0m [2mglazewm[0m[2m:[0m Invalid window handle. (0x80070578)
[2m2025-05-31T02:33:12.017724Z[0m [31mERROR[0m [2mglazewm[0m[2m:[0m Invalid window handle. (0x80070578)
[2m2025-05-31T02:33:12.204143Z[0m [31mERROR[0m [2mglazewm[0m[2m:[0m Invalid window handle. (0x80070578)
[2m2025-05-31T02:33:12.463683Z[0m [31mERROR[0m [2mglazewm[0m[2m:[0m Invalid window handle. (0x80070578)
[2m2025-05-31T02:33:12.637524Z[0m [31mERROR[0m [2mglazewm[0m[2m:[0m Invalid window handle. (0x80070578)
[2m2025-05-31T02:33:13.549804Z[0m [31mERROR[0m [2mglazewm[0m[2m:[0m Invalid window handle. (0x80070578)
[2m2025-05-31T02:33:14.158700Z[0m [31mERROR[0m [2mglazewm[0m[2m:[0m Invalid window handle. (0x80070578)
[2m2025-05-31T02:33:14.333645Z[0m [31mERROR[0m [2mglazewm[0m[2m:[0m Invalid window handle. (0x80070578)
[2m2025-05-31T02:33:14.787582Z[0m [31mERROR[0m [2mglazewm[0m[2m:[0m Invalid window handle. (0x80070578)
